<?xml version="1.0" encoding="UTF-8"?>
<testsuite xmlns:xsi="http://www.w3.org/2001/XMLSchema-instance" xsi:noNamespaceSchemaLocation="https://maven.apache.org/surefire/maven-surefire-plugin/xsd/surefire-test-report.xsd" name="web.BetTests" time="251.801" tests="2" errors="2" skipped="0" failures="0">
  <properties>
    <property name="gopherProxySet" value="false"/>
    <property name="awt.toolkit" value="sun.lwawt.macosx.LWCToolkit"/>
    <property name="java.specification.version" value="11"/>
    <property name="sun.cpu.isalist" value=""/>
    <property name="sun.jnu.encoding" value="UTF-8"/>
    <property name="java.class.path" value="/Users/tolga.molla/projects/nesine-automation/target/test-classes:/Users/tolga.molla/projects/nesine-automation/target/classes:/Users/tolga.molla/.m2/repository/org/seleniumhq/selenium/selenium-chrome-driver/3.13.0/selenium-chrome-driver-3.13.0.jar:/Users/tolga.molla/.m2/repository/org/seleniumhq/selenium/selenium-api/3.13.0/selenium-api-3.13.0.jar:/Users/tolga.molla/.m2/repository/org/seleniumhq/selenium/selenium-remote-driver/3.13.0/selenium-remote-driver-3.13.0.jar:/Users/tolga.molla/.m2/repository/net/bytebuddy/byte-buddy/1.8.3/byte-buddy-1.8.3.jar:/Users/tolga.molla/.m2/repository/org/apache/commons/commons-exec/1.3/commons-exec-1.3.jar:/Users/tolga.molla/.m2/repository/commons-codec/commons-codec/1.10/commons-codec-1.10.jar:/Users/tolga.molla/.m2/repository/commons-logging/commons-logging/1.2/commons-logging-1.2.jar:/Users/tolga.molla/.m2/repository/com/google/code/gson/gson/2.8.4/gson-2.8.4.jar:/Users/tolga.molla/.m2/repository/com/google/guava/guava/25.0-jre/guava-25.0-jre.jar:/Users/tolga.molla/.m2/repository/com/google/code/findbugs/jsr305/1.3.9/jsr305-1.3.9.jar:/Users/tolga.molla/.m2/repository/org/checkerframework/checker-compat-qual/2.0.0/checker-compat-qual-2.0.0.jar:/Users/tolga.molla/.m2/repository/com/google/errorprone/error_prone_annotations/2.1.3/error_prone_annotations-2.1.3.jar:/Users/tolga.molla/.m2/repository/com/google/j2objc/j2objc-annotations/1.1/j2objc-annotations-1.1.jar:/Users/tolga.molla/.m2/repository/org/codehaus/mojo/animal-sniffer-annotations/1.14/animal-sniffer-annotations-1.14.jar:/Users/tolga.molla/.m2/repository/org/apache/httpcomponents/httpclient/4.5.5/httpclient-4.5.5.jar:/Users/tolga.molla/.m2/repository/org/apache/httpcomponents/httpcore/4.4.9/httpcore-4.4.9.jar:/Users/tolga.molla/.m2/repository/com/squareup/okhttp3/okhttp/3.10.0/okhttp-3.10.0.jar:/Users/tolga.molla/.m2/repository/com/squareup/okio/okio/1.14.1/okio-1.14.1.jar:/Users/tolga.molla/.m2/repository/org/seleniumhq/selenium/selenium-firefox-driver/3.13.0/selenium-firefox-driver-3.13.0.jar:/Users/tolga.molla/.m2/repository/org/slf4j/slf4j-api/1.7.25/slf4j-api-1.7.25.jar:/Users/tolga.molla/.m2/repository/net/lightbody/bmp/browsermob-core/2.1.5/browsermob-core-2.1.5.jar:/Users/tolga.molla/.m2/repository/net/lightbody/bmp/littleproxy/1.1.0-beta-bmp-17/littleproxy-1.1.0-beta-bmp-17.jar:/Users/tolga.molla/.m2/repository/org/apache/commons/commons-lang3/3.5/commons-lang3-3.5.jar:/Users/tolga.molla/.m2/repository/com/fasterxml/jackson/core/jackson-core/2.8.9/jackson-core-2.8.9.jar:/Users/tolga.molla/.m2/repository/com/fasterxml/jackson/core/jackson-databind/2.8.9/jackson-databind-2.8.9.jar:/Users/tolga.molla/.m2/repository/com/fasterxml/jackson/core/jackson-annotations/2.8.9/jackson-annotations-2.8.9.jar:/Users/tolga.molla/.m2/repository/dnsjava/dnsjava/2.1.8/dnsjava-2.1.8.jar:/Users/tolga.molla/.m2/repository/org/slf4j/jcl-over-slf4j/1.7.25/jcl-over-slf4j-1.7.25.jar:/Users/tolga.molla/.m2/repository/com/jcraft/jzlib/1.1.3/jzlib-1.1.3.jar:/Users/tolga.molla/.m2/repository/io/netty/netty-all/4.0.51.Final/netty-all-4.0.51.Final.jar:/Users/tolga.molla/.m2/repository/org/bouncycastle/bcprov-jdk15on/1.58/bcprov-jdk15on-1.58.jar:/Users/tolga.molla/.m2/repository/org/bouncycastle/bcpkix-jdk15on/1.58/bcpkix-jdk15on-1.58.jar:/Users/tolga.molla/.m2/repository/net/lightbody/bmp/mitm/2.1.5/mitm-2.1.5.jar:/Users/tolga.molla/.m2/repository/org/junit/jupiter/junit-jupiter/5.7.0-RC1/junit-jupiter-5.7.0-RC1.jar:/Users/tolga.molla/.m2/repository/org/junit/jupiter/junit-jupiter-api/5.7.0-RC1/junit-jupiter-api-5.7.0-RC1.jar:/Users/tolga.molla/.m2/repository/org/apiguardian/apiguardian-api/1.1.0/apiguardian-api-1.1.0.jar:/Users/tolga.molla/.m2/repository/org/opentest4j/opentest4j/1.2.0/opentest4j-1.2.0.jar:/Users/tolga.molla/.m2/repository/org/junit/platform/junit-platform-commons/1.7.0-RC1/junit-platform-commons-1.7.0-RC1.jar:/Users/tolga.molla/.m2/repository/org/junit/jupiter/junit-jupiter-params/5.7.0-RC1/junit-jupiter-params-5.7.0-RC1.jar:/Users/tolga.molla/.m2/repository/org/junit/jupiter/junit-jupiter-engine/5.7.0-RC1/junit-jupiter-engine-5.7.0-RC1.jar:/Users/tolga.molla/.m2/repository/org/junit/platform/junit-platform-engine/1.7.0-RC1/junit-platform-engine-1.7.0-RC1.jar:/Users/tolga.molla/.m2/repository/org/seleniumhq/selenium/selenium-support/3.13.0/selenium-support-3.13.0.jar:/Users/tolga.molla/.m2/repository/org/jetbrains/annotations-java5/20.1.0/annotations-java5-20.1.0.jar:/Users/tolga.molla/.m2/repository/com/googlecode/json-simple/json-simple/1.1/json-simple-1.1.jar:/Users/tolga.molla/.m2/repository/com/galenframework/galen-java-support/2.0.9/galen-java-support-2.0.9.jar:/Users/tolga.molla/.m2/repository/com/galenframework/galen-rainbow4j/2.0.9/galen-rainbow4j-2.0.9.jar:/Users/tolga.molla/.m2/repository/com/galenframework/galen-core/2.0.9/galen-core-2.0.9.jar:/Users/tolga.molla/.m2/repository/org/slf4j/slf4j-simple/1.7.10/slf4j-simple-1.7.10.jar:/Users/tolga.molla/.m2/repository/commons-io/commons-io/2.4/commons-io-2.4.jar:/Users/tolga.molla/.m2/repository/org/seleniumhq/selenium/selenium-edge-driver/2.47.1/selenium-edge-driver-2.47.1.jar:/Users/tolga.molla/.m2/repository/org/seleniumhq/selenium/selenium-java/2.47.1/selenium-java-2.47.1.jar:/Users/tolga.molla/.m2/repository/org/seleniumhq/selenium/selenium-htmlunit-driver/2.47.1/selenium-htmlunit-driver-2.47.1.jar:/Users/tolga.molla/.m2/repository/net/sourceforge/htmlunit/htmlunit/2.17/htmlunit-2.17.jar:/Users/tolga.molla/.m2/repository/xalan/xalan/2.7.2/xalan-2.7.2.jar:/Users/tolga.molla/.m2/repository/xalan/serializer/2.7.2/serializer-2.7.2.jar:/Users/tolga.molla/.m2/repository/commons-collections/commons-collections/3.2.1/commons-collections-3.2.1.jar:/Users/tolga.molla/.m2/repository/org/apache/httpcomponents/httpmime/4.4.1/httpmime-4.4.1.jar:/Users/tolga.molla/.m2/repository/net/sourceforge/htmlunit/htmlunit-core-js/2.17/htmlunit-core-js-2.17.jar:/Users/tolga.molla/.m2/repository/xerces/xercesImpl/2.11.0/xercesImpl-2.11.0.jar:/Users/tolga.molla/.m2/repository/xml-apis/xml-apis/1.4.01/xml-apis-1.4.01.jar:/Users/tolga.molla/.m2/repository/net/sourceforge/nekohtml/nekohtml/1.9.22/nekohtml-1.9.22.jar:/Users/tolga.molla/.m2/repository/net/sourceforge/cssparser/cssparser/0.9.16/cssparser-0.9.16.jar:/Users/tolga.molla/.m2/repository/org/w3c/css/sac/1.3/sac-1.3.jar:/Users/tolga.molla/.m2/repository/org/eclipse/jetty/websocket/websocket-client/9.2.11.v20150529/websocket-client-9.2.11.v20150529.jar:/Users/tolga.molla/.m2/repository/org/eclipse/jetty/jetty-util/9.2.11.v20150529/jetty-util-9.2.11.v20150529.jar:/Users/tolga.molla/.m2/repository/org/eclipse/jetty/jetty-io/9.2.11.v20150529/jetty-io-9.2.11.v20150529.jar:/Users/tolga.molla/.m2/repository/org/eclipse/jetty/websocket/websocket-common/9.2.11.v20150529/websocket-common-9.2.11.v20150529.jar:/Users/tolga.molla/.m2/repository/org/eclipse/jetty/websocket/websocket-api/9.2.11.v20150529/websocket-api-9.2.11.v20150529.jar:/Users/tolga.molla/.m2/repository/org/seleniumhq/selenium/selenium-ie-driver/2.47.1/selenium-ie-driver-2.47.1.jar:/Users/tolga.molla/.m2/repository/net/java/dev/jna/jna/4.1.0/jna-4.1.0.jar:/Users/tolga.molla/.m2/repository/net/java/dev/jna/jna-platform/4.1.0/jna-platform-4.1.0.jar:/Users/tolga.molla/.m2/repository/org/seleniumhq/selenium/selenium-safari-driver/2.47.1/selenium-safari-driver-2.47.1.jar:/Users/tolga.molla/.m2/repository/org/webbitserver/webbit/0.4.14/webbit-0.4.14.jar:/Users/tolga.molla/.m2/repository/io/netty/netty/3.5.2.Final/netty-3.5.2.Final.jar:/Users/tolga.molla/.m2/repository/org/seleniumhq/selenium/selenium-leg-rc/2.47.1/selenium-leg-rc-2.47.1.jar:/Users/tolga.molla/.m2/repository/commons-cli/commons-cli/1.2/commons-cli-1.2.jar:/Users/tolga.molla/.m2/repository/org/freemarker/freemarker/2.3.19/freemarker-2.3.19.jar:/Users/tolga.molla/.m2/repository/org/mozilla/rhino/1.7R5/rhino-1.7R5.jar:/Users/tolga.molla/.m2/repository/com/codeborne/phantomjsdriver/1.2.1/phantomjsdriver-1.2.1.jar:/Users/tolga.molla/.m2/repository/org/powermock/powermock-reflect/1.5.3/powermock-reflect-1.5.3.jar:/Users/tolga.molla/.m2/repository/org/objenesis/objenesis/2.1/objenesis-2.1.jar:/Users/tolga.molla/.m2/repository/io/qameta/allure/allure-junit5/2.13.0/allure-junit5-2.13.0.jar:/Users/tolga.molla/.m2/repository/io/qameta/allure/allure-junit-platform/2.13.0/allure-junit-platform-2.13.0.jar:/Users/tolga.molla/.m2/repository/io/qameta/allure/allure-java-commons/2.13.0/allure-java-commons-2.13.0.jar:/Users/tolga.molla/.m2/repository/io/qameta/allure/allure-model/2.13.0/allure-model-2.13.0.jar:/Users/tolga.molla/.m2/repository/org/apache/tika/tika-core/1.20/tika-core-1.20.jar:/Users/tolga.molla/.m2/repository/org/jooq/joor-java-8/0.9.10/joor-java-8-0.9.10.jar:/Users/tolga.molla/.m2/repository/org/junit/platform/junit-platform-launcher/1.4.0/junit-platform-launcher-1.4.0.jar:"/>
    <property name="java.vm.vendor" value="Oracle Corporation"/>
    <property name="sun.arch.data.model" value="64"/>
    <property name="java.vendor.url" value="https://openjdk.java.net/"/>
    <property name="user.timezone" value="Europe/Istanbul"/>
    <property name="java.vm.specification.version" value="11"/>
    <property name="os.name" value="Mac OS X"/>
    <property name="sun.java.launcher" value="SUN_STANDARD"/>
    <property name="user.country" value="TR"/>
    <property name="sun.boot.library.path" value="/Library/Java/JavaVirtualMachines/jdk-11.0.8.jdk/Contents/Home/lib"/>
    <property name="sun.java.command" value="/Users/tolga.molla/projects/nesine-automation/target/surefire/surefirebooter2042604884265395348.jar /Users/tolga.molla/projects/nesine-automation/target/surefire 2020-09-04T23-45-25_494-jvmRun1 surefire12043837369925956913tmp surefire_013685809419555144843tmp"/>
    <property name="jdk.debug" value="release"/>
    <property name="surefire.test.class.path" value="/Users/tolga.molla/projects/nesine-automation/target/test-classes:/Users/tolga.molla/projects/nesine-automation/target/classes:/Users/tolga.molla/.m2/repository/org/seleniumhq/selenium/selenium-chrome-driver/3.13.0/selenium-chrome-driver-3.13.0.jar:/Users/tolga.molla/.m2/repository/org/seleniumhq/selenium/selenium-api/3.13.0/selenium-api-3.13.0.jar:/Users/tolga.molla/.m2/repository/org/seleniumhq/selenium/selenium-remote-driver/3.13.0/selenium-remote-driver-3.13.0.jar:/Users/tolga.molla/.m2/repository/net/bytebuddy/byte-buddy/1.8.3/byte-buddy-1.8.3.jar:/Users/tolga.molla/.m2/repository/org/apache/commons/commons-exec/1.3/commons-exec-1.3.jar:/Users/tolga.molla/.m2/repository/commons-codec/commons-codec/1.10/commons-codec-1.10.jar:/Users/tolga.molla/.m2/repository/commons-logging/commons-logging/1.2/commons-logging-1.2.jar:/Users/tolga.molla/.m2/repository/com/google/code/gson/gson/2.8.4/gson-2.8.4.jar:/Users/tolga.molla/.m2/repository/com/google/guava/guava/25.0-jre/guava-25.0-jre.jar:/Users/tolga.molla/.m2/repository/com/google/code/findbugs/jsr305/1.3.9/jsr305-1.3.9.jar:/Users/tolga.molla/.m2/repository/org/checkerframework/checker-compat-qual/2.0.0/checker-compat-qual-2.0.0.jar:/Users/tolga.molla/.m2/repository/com/google/errorprone/error_prone_annotations/2.1.3/error_prone_annotations-2.1.3.jar:/Users/tolga.molla/.m2/repository/com/google/j2objc/j2objc-annotations/1.1/j2objc-annotations-1.1.jar:/Users/tolga.molla/.m2/repository/org/codehaus/mojo/animal-sniffer-annotations/1.14/animal-sniffer-annotations-1.14.jar:/Users/tolga.molla/.m2/repository/org/apache/httpcomponents/httpclient/4.5.5/httpclient-4.5.5.jar:/Users/tolga.molla/.m2/repository/org/apache/httpcomponents/httpcore/4.4.9/httpcore-4.4.9.jar:/Users/tolga.molla/.m2/repository/com/squareup/okhttp3/okhttp/3.10.0/okhttp-3.10.0.jar:/Users/tolga.molla/.m2/repository/com/squareup/okio/okio/1.14.1/okio-1.14.1.jar:/Users/tolga.molla/.m2/repository/org/seleniumhq/selenium/selenium-firefox-driver/3.13.0/selenium-firefox-driver-3.13.0.jar:/Users/tolga.molla/.m2/repository/org/slf4j/slf4j-api/1.7.25/slf4j-api-1.7.25.jar:/Users/tolga.molla/.m2/repository/net/lightbody/bmp/browsermob-core/2.1.5/browsermob-core-2.1.5.jar:/Users/tolga.molla/.m2/repository/net/lightbody/bmp/littleproxy/1.1.0-beta-bmp-17/littleproxy-1.1.0-beta-bmp-17.jar:/Users/tolga.molla/.m2/repository/org/apache/commons/commons-lang3/3.5/commons-lang3-3.5.jar:/Users/tolga.molla/.m2/repository/com/fasterxml/jackson/core/jackson-core/2.8.9/jackson-core-2.8.9.jar:/Users/tolga.molla/.m2/repository/com/fasterxml/jackson/core/jackson-databind/2.8.9/jackson-databind-2.8.9.jar:/Users/tolga.molla/.m2/repository/com/fasterxml/jackson/core/jackson-annotations/2.8.9/jackson-annotations-2.8.9.jar:/Users/tolga.molla/.m2/repository/dnsjava/dnsjava/2.1.8/dnsjava-2.1.8.jar:/Users/tolga.molla/.m2/repository/org/slf4j/jcl-over-slf4j/1.7.25/jcl-over-slf4j-1.7.25.jar:/Users/tolga.molla/.m2/repository/com/jcraft/jzlib/1.1.3/jzlib-1.1.3.jar:/Users/tolga.molla/.m2/repository/io/netty/netty-all/4.0.51.Final/netty-all-4.0.51.Final.jar:/Users/tolga.molla/.m2/repository/org/bouncycastle/bcprov-jdk15on/1.58/bcprov-jdk15on-1.58.jar:/Users/tolga.molla/.m2/repository/org/bouncycastle/bcpkix-jdk15on/1.58/bcpkix-jdk15on-1.58.jar:/Users/tolga.molla/.m2/repository/net/lightbody/bmp/mitm/2.1.5/mitm-2.1.5.jar:/Users/tolga.molla/.m2/repository/org/junit/jupiter/junit-jupiter/5.7.0-RC1/junit-jupiter-5.7.0-RC1.jar:/Users/tolga.molla/.m2/repository/org/junit/jupiter/junit-jupiter-api/5.7.0-RC1/junit-jupiter-api-5.7.0-RC1.jar:/Users/tolga.molla/.m2/repository/org/apiguardian/apiguardian-api/1.1.0/apiguardian-api-1.1.0.jar:/Users/tolga.molla/.m2/repository/org/opentest4j/opentest4j/1.2.0/opentest4j-1.2.0.jar:/Users/tolga.molla/.m2/repository/org/junit/platform/junit-platform-commons/1.7.0-RC1/junit-platform-commons-1.7.0-RC1.jar:/Users/tolga.molla/.m2/repository/org/junit/jupiter/junit-jupiter-params/5.7.0-RC1/junit-jupiter-params-5.7.0-RC1.jar:/Users/tolga.molla/.m2/repository/org/junit/jupiter/junit-jupiter-engine/5.7.0-RC1/junit-jupiter-engine-5.7.0-RC1.jar:/Users/tolga.molla/.m2/repository/org/junit/platform/junit-platform-engine/1.7.0-RC1/junit-platform-engine-1.7.0-RC1.jar:/Users/tolga.molla/.m2/repository/org/seleniumhq/selenium/selenium-support/3.13.0/selenium-support-3.13.0.jar:/Users/tolga.molla/.m2/repository/org/jetbrains/annotations-java5/20.1.0/annotations-java5-20.1.0.jar:/Users/tolga.molla/.m2/repository/com/googlecode/json-simple/json-simple/1.1/json-simple-1.1.jar:/Users/tolga.molla/.m2/repository/com/galenframework/galen-java-support/2.0.9/galen-java-support-2.0.9.jar:/Users/tolga.molla/.m2/repository/com/galenframework/galen-rainbow4j/2.0.9/galen-rainbow4j-2.0.9.jar:/Users/tolga.molla/.m2/repository/com/galenframework/galen-core/2.0.9/galen-core-2.0.9.jar:/Users/tolga.molla/.m2/repository/org/slf4j/slf4j-simple/1.7.10/slf4j-simple-1.7.10.jar:/Users/tolga.molla/.m2/repository/commons-io/commons-io/2.4/commons-io-2.4.jar:/Users/tolga.molla/.m2/repository/org/seleniumhq/selenium/selenium-edge-driver/2.47.1/selenium-edge-driver-2.47.1.jar:/Users/tolga.molla/.m2/repository/org/seleniumhq/selenium/selenium-java/2.47.1/selenium-java-2.47.1.jar:/Users/tolga.molla/.m2/repository/org/seleniumhq/selenium/selenium-htmlunit-driver/2.47.1/selenium-htmlunit-driver-2.47.1.jar:/Users/tolga.molla/.m2/repository/net/sourceforge/htmlunit/htmlunit/2.17/htmlunit-2.17.jar:/Users/tolga.molla/.m2/repository/xalan/xalan/2.7.2/xalan-2.7.2.jar:/Users/tolga.molla/.m2/repository/xalan/serializer/2.7.2/serializer-2.7.2.jar:/Users/tolga.molla/.m2/repository/commons-collections/commons-collections/3.2.1/commons-collections-3.2.1.jar:/Users/tolga.molla/.m2/repository/org/apache/httpcomponents/httpmime/4.4.1/httpmime-4.4.1.jar:/Users/tolga.molla/.m2/repository/net/sourceforge/htmlunit/htmlunit-core-js/2.17/htmlunit-core-js-2.17.jar:/Users/tolga.molla/.m2/repository/xerces/xercesImpl/2.11.0/xercesImpl-2.11.0.jar:/Users/tolga.molla/.m2/repository/xml-apis/xml-apis/1.4.01/xml-apis-1.4.01.jar:/Users/tolga.molla/.m2/repository/net/sourceforge/nekohtml/nekohtml/1.9.22/nekohtml-1.9.22.jar:/Users/tolga.molla/.m2/repository/net/sourceforge/cssparser/cssparser/0.9.16/cssparser-0.9.16.jar:/Users/tolga.molla/.m2/repository/org/w3c/css/sac/1.3/sac-1.3.jar:/Users/tolga.molla/.m2/repository/org/eclipse/jetty/websocket/websocket-client/9.2.11.v20150529/websocket-client-9.2.11.v20150529.jar:/Users/tolga.molla/.m2/repository/org/eclipse/jetty/jetty-util/9.2.11.v20150529/jetty-util-9.2.11.v20150529.jar:/Users/tolga.molla/.m2/repository/org/eclipse/jetty/jetty-io/9.2.11.v20150529/jetty-io-9.2.11.v20150529.jar:/Users/tolga.molla/.m2/repository/org/eclipse/jetty/websocket/websocket-common/9.2.11.v20150529/websocket-common-9.2.11.v20150529.jar:/Users/tolga.molla/.m2/repository/org/eclipse/jetty/websocket/websocket-api/9.2.11.v20150529/websocket-api-9.2.11.v20150529.jar:/Users/tolga.molla/.m2/repository/org/seleniumhq/selenium/selenium-ie-driver/2.47.1/selenium-ie-driver-2.47.1.jar:/Users/tolga.molla/.m2/repository/net/java/dev/jna/jna/4.1.0/jna-4.1.0.jar:/Users/tolga.molla/.m2/repository/net/java/dev/jna/jna-platform/4.1.0/jna-platform-4.1.0.jar:/Users/tolga.molla/.m2/repository/org/seleniumhq/selenium/selenium-safari-driver/2.47.1/selenium-safari-driver-2.47.1.jar:/Users/tolga.molla/.m2/repository/org/webbitserver/webbit/0.4.14/webbit-0.4.14.jar:/Users/tolga.molla/.m2/repository/io/netty/netty/3.5.2.Final/netty-3.5.2.Final.jar:/Users/tolga.molla/.m2/repository/org/seleniumhq/selenium/selenium-leg-rc/2.47.1/selenium-leg-rc-2.47.1.jar:/Users/tolga.molla/.m2/repository/commons-cli/commons-cli/1.2/commons-cli-1.2.jar:/Users/tolga.molla/.m2/repository/org/freemarker/freemarker/2.3.19/freemarker-2.3.19.jar:/Users/tolga.molla/.m2/repository/org/mozilla/rhino/1.7R5/rhino-1.7R5.jar:/Users/tolga.molla/.m2/repository/com/codeborne/phantomjsdriver/1.2.1/phantomjsdriver-1.2.1.jar:/Users/tolga.molla/.m2/repository/org/powermock/powermock-reflect/1.5.3/powermock-reflect-1.5.3.jar:/Users/tolga.molla/.m2/repository/org/objenesis/objenesis/2.1/objenesis-2.1.jar:/Users/tolga.molla/.m2/repository/io/qameta/allure/allure-junit5/2.13.0/allure-junit5-2.13.0.jar:/Users/tolga.molla/.m2/repository/io/qameta/allure/allure-junit-platform/2.13.0/allure-junit-platform-2.13.0.jar:/Users/tolga.molla/.m2/repository/io/qameta/allure/allure-java-commons/2.13.0/allure-java-commons-2.13.0.jar:/Users/tolga.molla/.m2/repository/io/qameta/allure/allure-model/2.13.0/allure-model-2.13.0.jar:/Users/tolga.molla/.m2/repository/org/apache/tika/tika-core/1.20/tika-core-1.20.jar:/Users/tolga.molla/.m2/repository/org/jooq/joor-java-8/0.9.10/joor-java-8-0.9.10.jar:/Users/tolga.molla/.m2/repository/org/junit/platform/junit-platform-launcher/1.4.0/junit-platform-launcher-1.4.0.jar:"/>
    <property name="allure.results.directory" value="/Users/tolga.molla/projects/nesine-automation/target/allure-results"/>
    <property name="sun.cpu.endian" value="little"/>
    <property name="user.home" value="/Users/tolga.molla"/>
    <property name="user.language" value="en"/>
    <property name="java.specification.vendor" value="Oracle Corporation"/>
    <property name="java.version.date" value="2020-07-14"/>
    <property name="java.home" value="/Library/Java/JavaVirtualMachines/jdk-11.0.8.jdk/Contents/Home"/>
    <property name="file.separator" value="/"/>
    <property name="basedir" value="/Users/tolga.molla/projects/nesine-automation"/>
    <property name="java.vm.compressedOopsMode" value="Zero based"/>
    <property name="line.separator" value="&#10;"/>
    <property name="java.specification.name" value="Java Platform API Specification"/>
    <property name="java.vm.specification.vendor" value="Oracle Corporation"/>
    <property name="java.awt.graphicsenv" value="sun.awt.CGraphicsEnvironment"/>
    <property name="surefire.real.class.path" value="/Users/tolga.molla/projects/nesine-automation/target/surefire/surefirebooter2042604884265395348.jar"/>
    <property name="sun.management.compiler" value="HotSpot 64-Bit Tiered Compilers"/>
    <property name="java.runtime.version" value="11.0.8+10-LTS"/>
    <property name="user.name" value="tolga.molla"/>
    <property name="path.separator" value=":"/>
    <property name="os.version" value="10.15.6"/>
    <property name="java.runtime.name" value="Java(TM) SE Runtime Environment"/>
    <property name="file.encoding" value="UTF-8"/>
    <property name="browser" value="chrome"/>
    <property name="java.vm.name" value="Java HotSpot(TM) 64-Bit Server VM"/>
    <property name="java.vendor.version" value="18.9"/>
    <property name="localRepository" value="/Users/tolga.molla/.m2/repository"/>
    <property name="java.vendor.url.bug" value="https://bugreport.java.com/bugreport/"/>
    <property name="java.io.tmpdir" value="/var/folders/pb/6bzqc05n0xq6f3mkb3gn9w0mscsgyx/T/"/>
    <property name="java.version" value="11.0.8"/>
    <property name="user.dir" value="/Users/tolga.molla/projects/nesine-automation"/>
    <property name="os.arch" value="x86_64"/>
    <property name="java.vm.specification.name" value="Java Virtual Machine Specification"/>
    <property name="java.awt.printerjob" value="sun.lwawt.macosx.CPrinterJob"/>
    <property name="sun.os.patch.level" value="unknown"/>
    <property name="java.library.path" value="/Users/tolga.molla/Library/Java/Extensions:/Library/Java/Extensions:/Network/Library/Java/Extensions:/System/Library/Java/Extensions:/usr/lib/java:."/>
    <property name="junit.jupiter.extensions.autodetection.enabled" value="true"/>
    <property name="java.vendor" value="Oracle Corporation"/>
    <property name="java.vm.info" value="mixed mode"/>
    <property name="java.vm.version" value="11.0.8+10-LTS"/>
    <property name="sun.io.unicode.encoding" value="UnicodeBig"/>
    <property name="java.class.version" value="55.0"/>
  </properties>
  <testcase name="testPopularFootballBets" classname="web.BetTests" time="9.574">
    <error message="unknown error: Element &lt;li class=&quot;popular-bets &quot;&gt;...&lt;/li&gt; is not clickable at point (479, 94). Other element would receive the click: &lt;div class=&quot;modal-body&quot;&gt;...&lt;/div&gt;&#10;  (Session info: chrome=85.0.4183.83)&#10;  (Driver info: chromedriver=2.42.591059 (a3d9684d10d61aa0c45f6723b327283be1ebaad8),platform=Mac OS X 10.15.6 x86_64) (WARNING: The server did not provide any stacktrace information)&#10;Command duration or timeout: 0 milliseconds&#10;Build info: version: &apos;3.13.0&apos;, revision: &apos;2f0d292&apos;, time: &apos;2018-06-25T15:24:21.231Z&apos;&#10;System info: host: &apos;users-MacBook-Pro.local&apos;, ip: &apos;fd78:6a89:24d:fa00:d07c:5f12:7faf:25c7%en0&apos;, os.name: &apos;Mac OS X&apos;, os.arch: &apos;x86_64&apos;, os.version: &apos;10.15.6&apos;, java.version: &apos;11.0.8&apos;&#10;Driver info: org.openqa.selenium.chrome.ChromeDriver&#10;Capabilities {acceptInsecureCerts: false, acceptSslCerts: false, applicationCacheEnabled: false, browserConnectionEnabled: false, browserName: chrome, chrome: {chromedriverVersion: 2.42.591059 (a3d9684d10d61a..., userDataDir: /var/folders/pb/6bzqc05n0xq...}, cssSelectorsEnabled: true, databaseEnabled: false, goog:chromeOptions: {debuggerAddress: localhost:58201}, handlesAlerts: true, hasTouchScreen: false, javascriptEnabled: true, locationContextEnabled: true, mobileEmulationEnabled: false, nativeEvents: true, networkConnectionEnabled: false, pageLoadStrategy: normal, platform: MAC, platformName: MAC, rotatable: false, setWindowRect: true, takesHeapSnapshot: true, takesScreenshot: true, unexpectedAlertBehaviour: , unhandledPromptBehavior: , version: 85.0.4183.83, webStorageEnabled: true}&#10;Session ID: 9e8871f6113b47828510af2874d31de5" type="java.lang.Exception"><![CDATA[java.lang.Exception: 
unknown error: Element <li class="popular-bets ">...</li> is not clickable at point (479, 94). Other element would receive the click: <div class="modal-body">...</div>
  (Session info: chrome=85.0.4183.83)
  (Driver info: chromedriver=2.42.591059 (a3d9684d10d61aa0c45f6723b327283be1ebaad8),platform=Mac OS X 10.15.6 x86_64) (WARNING: The server did not provide any stacktrace information)
Command duration or timeout: 0 milliseconds
Build info: version: '3.13.0', revision: '2f0d292', time: '2018-06-25T15:24:21.231Z'
System info: host: 'users-MacBook-Pro.local', ip: 'fd78:6a89:24d:fa00:d07c:5f12:7faf:25c7%en0', os.name: 'Mac OS X', os.arch: 'x86_64', os.version: '10.15.6', java.version: '11.0.8'
Driver info: org.openqa.selenium.chrome.ChromeDriver
Capabilities {acceptInsecureCerts: false, acceptSslCerts: false, applicationCacheEnabled: false, browserConnectionEnabled: false, browserName: chrome, chrome: {chromedriverVersion: 2.42.591059 (a3d9684d10d61a..., userDataDir: /var/folders/pb/6bzqc05n0xq...}, cssSelectorsEnabled: true, databaseEnabled: false, goog:chromeOptions: {debuggerAddress: localhost:58201}, handlesAlerts: true, hasTouchScreen: false, javascriptEnabled: true, locationContextEnabled: true, mobileEmulationEnabled: false, nativeEvents: true, networkConnectionEnabled: false, pageLoadStrategy: normal, platform: MAC, platformName: MAC, rotatable: false, setWindowRect: true, takesHeapSnapshot: true, takesScreenshot: true, unexpectedAlertBehaviour: , unhandledPromptBehavior: , version: 85.0.4183.83, webStorageEnabled: true}
Session ID: 9e8871f6113b47828510af2874d31de5
	at web.BetTests.testPopularFootballBets(BetTests.java:52)
]]></error>
    <system-err><![CDATA[Starting ChromeDriver 2.42.591059 (a3d9684d10d61aa0c45f6723b327283be1ebaad8) on port 8328
Only local connections are allowed.
Sep 04, 2020 11:48:06 PM org.openqa.selenium.remote.ProtocolHandshake createSession
INFO: Detected dialect: OSS
]]></system-err>
  </testcase>
  <testcase name="testOtherScenario" classname="web.BetTests" time="94.796">
    <error message="Expected condition failed: waiting for visibility of [[ChromeDriver: chrome on MAC (4ea923e19e9062de1177bf447eda2a8e)] -&gt; xpath: //a[@tracking-label = &apos;Header-Hesabım-Kuponlarim&apos;]] (tried for 30 second(s) with 500 milliseconds interval)&#10;Build info: version: &apos;3.13.0&apos;, revision: &apos;2f0d292&apos;, time: &apos;2018-06-25T15:24:21.231Z&apos;&#10;System info: host: &apos;users-MacBook-Pro.local&apos;, ip: &apos;fd78:6a89:24d:fa00:d07c:5f12:7faf:25c7%en0&apos;, os.name: &apos;Mac OS X&apos;, os.arch: &apos;x86_64&apos;, os.version: &apos;10.15.6&apos;, java.version: &apos;11.0.8&apos;&#10;Driver info: org.openqa.selenium.chrome.ChromeDriver&#10;Capabilities {acceptInsecureCerts: false, acceptSslCerts: false, applicationCacheEnabled: false, browserConnectionEnabled: false, browserName: chrome, chrome: {chromedriverVersion: 2.42.591059 (a3d9684d10d61a..., userDataDir: /var/folders/pb/6bzqc05n0xq...}, cssSelectorsEnabled: true, databaseEnabled: false, goog:chromeOptions: {debuggerAddress: localhost:58388}, handlesAlerts: true, hasTouchScreen: false, javascriptEnabled: true, locationContextEnabled: true, mobileEmulationEnabled: false, nativeEvents: true, networkConnectionEnabled: false, pageLoadStrategy: normal, platform: MAC, platformName: MAC, rotatable: false, setWindowRect: true, takesHeapSnapshot: true, takesScreenshot: true, unexpectedAlertBehaviour: , unhandledPromptBehavior: , version: 85.0.4183.83, webStorageEnabled: true}&#10;Session ID: 4ea923e19e9062de1177bf447eda2a8e" type="java.lang.Exception">java.lang.Exception: 
Expected condition failed: waiting for visibility of [[ChromeDriver: chrome on MAC (4ea923e19e9062de1177bf447eda2a8e)] -> xpath: //a[@tracking-label = 'Header-Hesabım-Kuponlarim']] (tried for 30 second(s) with 500 milliseconds interval)
Build info: version: '3.13.0', revision: '2f0d292', time: '2018-06-25T15:24:21.231Z'
System info: host: 'users-MacBook-Pro.local', ip: 'fd78:6a89:24d:fa00:d07c:5f12:7faf:25c7%en0', os.name: 'Mac OS X', os.arch: 'x86_64', os.version: '10.15.6', java.version: '11.0.8'
Driver info: org.openqa.selenium.chrome.ChromeDriver
Capabilities {acceptInsecureCerts: false, acceptSslCerts: false, applicationCacheEnabled: false, browserConnectionEnabled: false, browserName: chrome, chrome: {chromedriverVersion: 2.42.591059 (a3d9684d10d61a..., userDataDir: /var/folders/pb/6bzqc05n0xq...}, cssSelectorsEnabled: true, databaseEnabled: false, goog:chromeOptions: {debuggerAddress: localhost:58388}, handlesAlerts: true, hasTouchScreen: false, javascriptEnabled: true, locationContextEnabled: true, mobileEmulationEnabled: false, nativeEvents: true, networkConnectionEnabled: false, pageLoadStrategy: normal, platform: MAC, platformName: MAC, rotatable: false, setWindowRect: true, takesHeapSnapshot: true, takesScreenshot: true, unexpectedAlertBehaviour: , unhandledPromptBehavior: , version: 85.0.4183.83, webStorageEnabled: true}
Session ID: 4ea923e19e9062de1177bf447eda2a8e
	at web.BetTests.testOtherScenario(BetTests.java:90)
</error>
  </testcase>
</testsuite>