<?xml version="1.0" encoding="UTF-8"?>
<testsuite xmlns:xsi="http://www.w3.org/2001/XMLSchema-instance" xsi:noNamespaceSchemaLocation="https://maven.apache.org/surefire/maven-surefire-plugin/xsd/surefire-test-report.xsd" name="web.visualRegression.HomePageVisualRegressionTest" time="31.047" tests="1" errors="0" skipped="0" failures="0">
  <properties>
    <property name="gopherProxySet" value="false"/>
    <property name="awt.toolkit" value="sun.lwawt.macosx.LWCToolkit"/>
    <property name="java.specification.version" value="11"/>
    <property name="sun.cpu.isalist" value=""/>
    <property name="sun.jnu.encoding" value="UTF-8"/>
    <property name="java.class.path" value="/Users/tolga.molla/projects/nesine-selenium/nesine-web-test/target/test-classes:/Users/tolga.molla/projects/nesine-selenium/nesine-web-test/target/classes:/Users/tolga.molla/.m2/repository/org/seleniumhq/selenium/selenium-chrome-driver/3.13.0/selenium-chrome-driver-3.13.0.jar:/Users/tolga.molla/.m2/repository/org/seleniumhq/selenium/selenium-api/3.13.0/selenium-api-3.13.0.jar:/Users/tolga.molla/.m2/repository/org/seleniumhq/selenium/selenium-remote-driver/3.13.0/selenium-remote-driver-3.13.0.jar:/Users/tolga.molla/.m2/repository/net/bytebuddy/byte-buddy/1.8.3/byte-buddy-1.8.3.jar:/Users/tolga.molla/.m2/repository/org/apache/commons/commons-exec/1.3/commons-exec-1.3.jar:/Users/tolga.molla/.m2/repository/commons-codec/commons-codec/1.10/commons-codec-1.10.jar:/Users/tolga.molla/.m2/repository/commons-logging/commons-logging/1.2/commons-logging-1.2.jar:/Users/tolga.molla/.m2/repository/com/google/code/gson/gson/2.8.4/gson-2.8.4.jar:/Users/tolga.molla/.m2/repository/com/google/guava/guava/25.0-jre/guava-25.0-jre.jar:/Users/tolga.molla/.m2/repository/com/google/code/findbugs/jsr305/1.3.9/jsr305-1.3.9.jar:/Users/tolga.molla/.m2/repository/org/checkerframework/checker-compat-qual/2.0.0/checker-compat-qual-2.0.0.jar:/Users/tolga.molla/.m2/repository/com/google/errorprone/error_prone_annotations/2.1.3/error_prone_annotations-2.1.3.jar:/Users/tolga.molla/.m2/repository/com/google/j2objc/j2objc-annotations/1.1/j2objc-annotations-1.1.jar:/Users/tolga.molla/.m2/repository/org/codehaus/mojo/animal-sniffer-annotations/1.14/animal-sniffer-annotations-1.14.jar:/Users/tolga.molla/.m2/repository/org/apache/httpcomponents/httpclient/4.5.5/httpclient-4.5.5.jar:/Users/tolga.molla/.m2/repository/org/apache/httpcomponents/httpcore/4.4.9/httpcore-4.4.9.jar:/Users/tolga.molla/.m2/repository/com/squareup/okhttp3/okhttp/3.10.0/okhttp-3.10.0.jar:/Users/tolga.molla/.m2/repository/com/squareup/okio/okio/1.14.1/okio-1.14.1.jar:/Users/tolga.molla/.m2/repository/org/seleniumhq/selenium/selenium-firefox-driver/3.13.0/selenium-firefox-driver-3.13.0.jar:/Users/tolga.molla/.m2/repository/org/slf4j/slf4j-api/1.7.25/slf4j-api-1.7.25.jar:/Users/tolga.molla/.m2/repository/net/lightbody/bmp/browsermob-core/2.1.5/browsermob-core-2.1.5.jar:/Users/tolga.molla/.m2/repository/net/lightbody/bmp/littleproxy/1.1.0-beta-bmp-17/littleproxy-1.1.0-beta-bmp-17.jar:/Users/tolga.molla/.m2/repository/org/apache/commons/commons-lang3/3.5/commons-lang3-3.5.jar:/Users/tolga.molla/.m2/repository/com/fasterxml/jackson/core/jackson-core/2.8.9/jackson-core-2.8.9.jar:/Users/tolga.molla/.m2/repository/com/fasterxml/jackson/core/jackson-databind/2.8.9/jackson-databind-2.8.9.jar:/Users/tolga.molla/.m2/repository/com/fasterxml/jackson/core/jackson-annotations/2.8.9/jackson-annotations-2.8.9.jar:/Users/tolga.molla/.m2/repository/dnsjava/dnsjava/2.1.8/dnsjava-2.1.8.jar:/Users/tolga.molla/.m2/repository/org/slf4j/jcl-over-slf4j/1.7.25/jcl-over-slf4j-1.7.25.jar:/Users/tolga.molla/.m2/repository/com/jcraft/jzlib/1.1.3/jzlib-1.1.3.jar:/Users/tolga.molla/.m2/repository/io/netty/netty-all/4.0.51.Final/netty-all-4.0.51.Final.jar:/Users/tolga.molla/.m2/repository/org/bouncycastle/bcprov-jdk15on/1.58/bcprov-jdk15on-1.58.jar:/Users/tolga.molla/.m2/repository/org/bouncycastle/bcpkix-jdk15on/1.58/bcpkix-jdk15on-1.58.jar:/Users/tolga.molla/.m2/repository/net/lightbody/bmp/mitm/2.1.5/mitm-2.1.5.jar:/Users/tolga.molla/.m2/repository/org/junit/jupiter/junit-jupiter/5.7.0-RC1/junit-jupiter-5.7.0-RC1.jar:/Users/tolga.molla/.m2/repository/org/junit/jupiter/junit-jupiter-api/5.7.0-RC1/junit-jupiter-api-5.7.0-RC1.jar:/Users/tolga.molla/.m2/repository/org/apiguardian/apiguardian-api/1.1.0/apiguardian-api-1.1.0.jar:/Users/tolga.molla/.m2/repository/org/opentest4j/opentest4j/1.2.0/opentest4j-1.2.0.jar:/Users/tolga.molla/.m2/repository/org/junit/platform/junit-platform-commons/1.7.0-RC1/junit-platform-commons-1.7.0-RC1.jar:/Users/tolga.molla/.m2/repository/org/junit/jupiter/junit-jupiter-params/5.7.0-RC1/junit-jupiter-params-5.7.0-RC1.jar:/Users/tolga.molla/.m2/repository/org/junit/jupiter/junit-jupiter-engine/5.7.0-RC1/junit-jupiter-engine-5.7.0-RC1.jar:/Users/tolga.molla/.m2/repository/org/junit/platform/junit-platform-engine/1.7.0-RC1/junit-platform-engine-1.7.0-RC1.jar:/Users/tolga.molla/.m2/repository/org/seleniumhq/selenium/selenium-support/3.13.0/selenium-support-3.13.0.jar:/Users/tolga.molla/.m2/repository/org/jetbrains/annotations-java5/20.1.0/annotations-java5-20.1.0.jar:/Users/tolga.molla/.m2/repository/com/googlecode/json-simple/json-simple/1.1/json-simple-1.1.jar:/Users/tolga.molla/.m2/repository/com/galenframework/galen-java-support/2.0.9/galen-java-support-2.0.9.jar:/Users/tolga.molla/.m2/repository/com/galenframework/galen-rainbow4j/2.0.9/galen-rainbow4j-2.0.9.jar:/Users/tolga.molla/.m2/repository/com/galenframework/galen-core/2.0.9/galen-core-2.0.9.jar:/Users/tolga.molla/.m2/repository/org/slf4j/slf4j-simple/1.7.10/slf4j-simple-1.7.10.jar:/Users/tolga.molla/.m2/repository/commons-io/commons-io/2.4/commons-io-2.4.jar:/Users/tolga.molla/.m2/repository/org/seleniumhq/selenium/selenium-edge-driver/2.47.1/selenium-edge-driver-2.47.1.jar:/Users/tolga.molla/.m2/repository/org/seleniumhq/selenium/selenium-java/2.47.1/selenium-java-2.47.1.jar:/Users/tolga.molla/.m2/repository/org/seleniumhq/selenium/selenium-htmlunit-driver/2.47.1/selenium-htmlunit-driver-2.47.1.jar:/Users/tolga.molla/.m2/repository/net/sourceforge/htmlunit/htmlunit/2.17/htmlunit-2.17.jar:/Users/tolga.molla/.m2/repository/xalan/xalan/2.7.2/xalan-2.7.2.jar:/Users/tolga.molla/.m2/repository/xalan/serializer/2.7.2/serializer-2.7.2.jar:/Users/tolga.molla/.m2/repository/commons-collections/commons-collections/3.2.1/commons-collections-3.2.1.jar:/Users/tolga.molla/.m2/repository/org/apache/httpcomponents/httpmime/4.4.1/httpmime-4.4.1.jar:/Users/tolga.molla/.m2/repository/net/sourceforge/htmlunit/htmlunit-core-js/2.17/htmlunit-core-js-2.17.jar:/Users/tolga.molla/.m2/repository/xerces/xercesImpl/2.11.0/xercesImpl-2.11.0.jar:/Users/tolga.molla/.m2/repository/xml-apis/xml-apis/1.4.01/xml-apis-1.4.01.jar:/Users/tolga.molla/.m2/repository/net/sourceforge/nekohtml/nekohtml/1.9.22/nekohtml-1.9.22.jar:/Users/tolga.molla/.m2/repository/net/sourceforge/cssparser/cssparser/0.9.16/cssparser-0.9.16.jar:/Users/tolga.molla/.m2/repository/org/w3c/css/sac/1.3/sac-1.3.jar:/Users/tolga.molla/.m2/repository/org/eclipse/jetty/websocket/websocket-client/9.2.11.v20150529/websocket-client-9.2.11.v20150529.jar:/Users/tolga.molla/.m2/repository/org/eclipse/jetty/jetty-util/9.2.11.v20150529/jetty-util-9.2.11.v20150529.jar:/Users/tolga.molla/.m2/repository/org/eclipse/jetty/jetty-io/9.2.11.v20150529/jetty-io-9.2.11.v20150529.jar:/Users/tolga.molla/.m2/repository/org/eclipse/jetty/websocket/websocket-common/9.2.11.v20150529/websocket-common-9.2.11.v20150529.jar:/Users/tolga.molla/.m2/repository/org/eclipse/jetty/websocket/websocket-api/9.2.11.v20150529/websocket-api-9.2.11.v20150529.jar:/Users/tolga.molla/.m2/repository/org/seleniumhq/selenium/selenium-ie-driver/2.47.1/selenium-ie-driver-2.47.1.jar:/Users/tolga.molla/.m2/repository/net/java/dev/jna/jna/4.1.0/jna-4.1.0.jar:/Users/tolga.molla/.m2/repository/net/java/dev/jna/jna-platform/4.1.0/jna-platform-4.1.0.jar:/Users/tolga.molla/.m2/repository/org/seleniumhq/selenium/selenium-safari-driver/2.47.1/selenium-safari-driver-2.47.1.jar:/Users/tolga.molla/.m2/repository/org/webbitserver/webbit/0.4.14/webbit-0.4.14.jar:/Users/tolga.molla/.m2/repository/io/netty/netty/3.5.2.Final/netty-3.5.2.Final.jar:/Users/tolga.molla/.m2/repository/org/seleniumhq/selenium/selenium-leg-rc/2.47.1/selenium-leg-rc-2.47.1.jar:/Users/tolga.molla/.m2/repository/commons-cli/commons-cli/1.2/commons-cli-1.2.jar:/Users/tolga.molla/.m2/repository/org/freemarker/freemarker/2.3.19/freemarker-2.3.19.jar:/Users/tolga.molla/.m2/repository/org/mozilla/rhino/1.7R5/rhino-1.7R5.jar:/Users/tolga.molla/.m2/repository/com/codeborne/phantomjsdriver/1.2.1/phantomjsdriver-1.2.1.jar:/Users/tolga.molla/.m2/repository/org/powermock/powermock-reflect/1.5.3/powermock-reflect-1.5.3.jar:/Users/tolga.molla/.m2/repository/org/objenesis/objenesis/2.1/objenesis-2.1.jar:/Users/tolga.molla/.m2/repository/io/qameta/allure/allure-junit5/2.13.0/allure-junit5-2.13.0.jar:/Users/tolga.molla/.m2/repository/io/qameta/allure/allure-junit-platform/2.13.0/allure-junit-platform-2.13.0.jar:/Users/tolga.molla/.m2/repository/io/qameta/allure/allure-java-commons/2.13.0/allure-java-commons-2.13.0.jar:/Users/tolga.molla/.m2/repository/io/qameta/allure/allure-model/2.13.0/allure-model-2.13.0.jar:/Users/tolga.molla/.m2/repository/org/apache/tika/tika-core/1.20/tika-core-1.20.jar:/Users/tolga.molla/.m2/repository/org/jooq/joor-java-8/0.9.10/joor-java-8-0.9.10.jar:/Users/tolga.molla/.m2/repository/org/junit/platform/junit-platform-launcher/1.4.0/junit-platform-launcher-1.4.0.jar:"/>
    <property name="java.vm.vendor" value="Oracle Corporation"/>
    <property name="sun.arch.data.model" value="64"/>
    <property name="java.vendor.url" value="https://openjdk.java.net/"/>
    <property name="user.timezone" value="Europe/Istanbul"/>
    <property name="java.vm.specification.version" value="11"/>
    <property name="os.name" value="Mac OS X"/>
    <property name="sun.java.launcher" value="SUN_STANDARD"/>
    <property name="user.country" value="TR"/>
    <property name="sun.boot.library.path" value="/Library/Java/JavaVirtualMachines/jdk-11.0.8.jdk/Contents/Home/lib"/>
    <property name="sun.java.command" value="/Users/tolga.molla/projects/nesine-selenium/nesine-web-test/target/surefire/surefirebooter2707505854206187750.jar /Users/tolga.molla/projects/nesine-selenium/nesine-web-test/target/surefire 2020-09-04T22-11-20_399-jvmRun1 surefire3021366989659064030tmp surefire_06454754683135238523tmp"/>
    <property name="jdk.debug" value="release"/>
    <property name="surefire.test.class.path" value="/Users/tolga.molla/projects/nesine-selenium/nesine-web-test/target/test-classes:/Users/tolga.molla/projects/nesine-selenium/nesine-web-test/target/classes:/Users/tolga.molla/.m2/repository/org/seleniumhq/selenium/selenium-chrome-driver/3.13.0/selenium-chrome-driver-3.13.0.jar:/Users/tolga.molla/.m2/repository/org/seleniumhq/selenium/selenium-api/3.13.0/selenium-api-3.13.0.jar:/Users/tolga.molla/.m2/repository/org/seleniumhq/selenium/selenium-remote-driver/3.13.0/selenium-remote-driver-3.13.0.jar:/Users/tolga.molla/.m2/repository/net/bytebuddy/byte-buddy/1.8.3/byte-buddy-1.8.3.jar:/Users/tolga.molla/.m2/repository/org/apache/commons/commons-exec/1.3/commons-exec-1.3.jar:/Users/tolga.molla/.m2/repository/commons-codec/commons-codec/1.10/commons-codec-1.10.jar:/Users/tolga.molla/.m2/repository/commons-logging/commons-logging/1.2/commons-logging-1.2.jar:/Users/tolga.molla/.m2/repository/com/google/code/gson/gson/2.8.4/gson-2.8.4.jar:/Users/tolga.molla/.m2/repository/com/google/guava/guava/25.0-jre/guava-25.0-jre.jar:/Users/tolga.molla/.m2/repository/com/google/code/findbugs/jsr305/1.3.9/jsr305-1.3.9.jar:/Users/tolga.molla/.m2/repository/org/checkerframework/checker-compat-qual/2.0.0/checker-compat-qual-2.0.0.jar:/Users/tolga.molla/.m2/repository/com/google/errorprone/error_prone_annotations/2.1.3/error_prone_annotations-2.1.3.jar:/Users/tolga.molla/.m2/repository/com/google/j2objc/j2objc-annotations/1.1/j2objc-annotations-1.1.jar:/Users/tolga.molla/.m2/repository/org/codehaus/mojo/animal-sniffer-annotations/1.14/animal-sniffer-annotations-1.14.jar:/Users/tolga.molla/.m2/repository/org/apache/httpcomponents/httpclient/4.5.5/httpclient-4.5.5.jar:/Users/tolga.molla/.m2/repository/org/apache/httpcomponents/httpcore/4.4.9/httpcore-4.4.9.jar:/Users/tolga.molla/.m2/repository/com/squareup/okhttp3/okhttp/3.10.0/okhttp-3.10.0.jar:/Users/tolga.molla/.m2/repository/com/squareup/okio/okio/1.14.1/okio-1.14.1.jar:/Users/tolga.molla/.m2/repository/org/seleniumhq/selenium/selenium-firefox-driver/3.13.0/selenium-firefox-driver-3.13.0.jar:/Users/tolga.molla/.m2/repository/org/slf4j/slf4j-api/1.7.25/slf4j-api-1.7.25.jar:/Users/tolga.molla/.m2/repository/net/lightbody/bmp/browsermob-core/2.1.5/browsermob-core-2.1.5.jar:/Users/tolga.molla/.m2/repository/net/lightbody/bmp/littleproxy/1.1.0-beta-bmp-17/littleproxy-1.1.0-beta-bmp-17.jar:/Users/tolga.molla/.m2/repository/org/apache/commons/commons-lang3/3.5/commons-lang3-3.5.jar:/Users/tolga.molla/.m2/repository/com/fasterxml/jackson/core/jackson-core/2.8.9/jackson-core-2.8.9.jar:/Users/tolga.molla/.m2/repository/com/fasterxml/jackson/core/jackson-databind/2.8.9/jackson-databind-2.8.9.jar:/Users/tolga.molla/.m2/repository/com/fasterxml/jackson/core/jackson-annotations/2.8.9/jackson-annotations-2.8.9.jar:/Users/tolga.molla/.m2/repository/dnsjava/dnsjava/2.1.8/dnsjava-2.1.8.jar:/Users/tolga.molla/.m2/repository/org/slf4j/jcl-over-slf4j/1.7.25/jcl-over-slf4j-1.7.25.jar:/Users/tolga.molla/.m2/repository/com/jcraft/jzlib/1.1.3/jzlib-1.1.3.jar:/Users/tolga.molla/.m2/repository/io/netty/netty-all/4.0.51.Final/netty-all-4.0.51.Final.jar:/Users/tolga.molla/.m2/repository/org/bouncycastle/bcprov-jdk15on/1.58/bcprov-jdk15on-1.58.jar:/Users/tolga.molla/.m2/repository/org/bouncycastle/bcpkix-jdk15on/1.58/bcpkix-jdk15on-1.58.jar:/Users/tolga.molla/.m2/repository/net/lightbody/bmp/mitm/2.1.5/mitm-2.1.5.jar:/Users/tolga.molla/.m2/repository/org/junit/jupiter/junit-jupiter/5.7.0-RC1/junit-jupiter-5.7.0-RC1.jar:/Users/tolga.molla/.m2/repository/org/junit/jupiter/junit-jupiter-api/5.7.0-RC1/junit-jupiter-api-5.7.0-RC1.jar:/Users/tolga.molla/.m2/repository/org/apiguardian/apiguardian-api/1.1.0/apiguardian-api-1.1.0.jar:/Users/tolga.molla/.m2/repository/org/opentest4j/opentest4j/1.2.0/opentest4j-1.2.0.jar:/Users/tolga.molla/.m2/repository/org/junit/platform/junit-platform-commons/1.7.0-RC1/junit-platform-commons-1.7.0-RC1.jar:/Users/tolga.molla/.m2/repository/org/junit/jupiter/junit-jupiter-params/5.7.0-RC1/junit-jupiter-params-5.7.0-RC1.jar:/Users/tolga.molla/.m2/repository/org/junit/jupiter/junit-jupiter-engine/5.7.0-RC1/junit-jupiter-engine-5.7.0-RC1.jar:/Users/tolga.molla/.m2/repository/org/junit/platform/junit-platform-engine/1.7.0-RC1/junit-platform-engine-1.7.0-RC1.jar:/Users/tolga.molla/.m2/repository/org/seleniumhq/selenium/selenium-support/3.13.0/selenium-support-3.13.0.jar:/Users/tolga.molla/.m2/repository/org/jetbrains/annotations-java5/20.1.0/annotations-java5-20.1.0.jar:/Users/tolga.molla/.m2/repository/com/googlecode/json-simple/json-simple/1.1/json-simple-1.1.jar:/Users/tolga.molla/.m2/repository/com/galenframework/galen-java-support/2.0.9/galen-java-support-2.0.9.jar:/Users/tolga.molla/.m2/repository/com/galenframework/galen-rainbow4j/2.0.9/galen-rainbow4j-2.0.9.jar:/Users/tolga.molla/.m2/repository/com/galenframework/galen-core/2.0.9/galen-core-2.0.9.jar:/Users/tolga.molla/.m2/repository/org/slf4j/slf4j-simple/1.7.10/slf4j-simple-1.7.10.jar:/Users/tolga.molla/.m2/repository/commons-io/commons-io/2.4/commons-io-2.4.jar:/Users/tolga.molla/.m2/repository/org/seleniumhq/selenium/selenium-edge-driver/2.47.1/selenium-edge-driver-2.47.1.jar:/Users/tolga.molla/.m2/repository/org/seleniumhq/selenium/selenium-java/2.47.1/selenium-java-2.47.1.jar:/Users/tolga.molla/.m2/repository/org/seleniumhq/selenium/selenium-htmlunit-driver/2.47.1/selenium-htmlunit-driver-2.47.1.jar:/Users/tolga.molla/.m2/repository/net/sourceforge/htmlunit/htmlunit/2.17/htmlunit-2.17.jar:/Users/tolga.molla/.m2/repository/xalan/xalan/2.7.2/xalan-2.7.2.jar:/Users/tolga.molla/.m2/repository/xalan/serializer/2.7.2/serializer-2.7.2.jar:/Users/tolga.molla/.m2/repository/commons-collections/commons-collections/3.2.1/commons-collections-3.2.1.jar:/Users/tolga.molla/.m2/repository/org/apache/httpcomponents/httpmime/4.4.1/httpmime-4.4.1.jar:/Users/tolga.molla/.m2/repository/net/sourceforge/htmlunit/htmlunit-core-js/2.17/htmlunit-core-js-2.17.jar:/Users/tolga.molla/.m2/repository/xerces/xercesImpl/2.11.0/xercesImpl-2.11.0.jar:/Users/tolga.molla/.m2/repository/xml-apis/xml-apis/1.4.01/xml-apis-1.4.01.jar:/Users/tolga.molla/.m2/repository/net/sourceforge/nekohtml/nekohtml/1.9.22/nekohtml-1.9.22.jar:/Users/tolga.molla/.m2/repository/net/sourceforge/cssparser/cssparser/0.9.16/cssparser-0.9.16.jar:/Users/tolga.molla/.m2/repository/org/w3c/css/sac/1.3/sac-1.3.jar:/Users/tolga.molla/.m2/repository/org/eclipse/jetty/websocket/websocket-client/9.2.11.v20150529/websocket-client-9.2.11.v20150529.jar:/Users/tolga.molla/.m2/repository/org/eclipse/jetty/jetty-util/9.2.11.v20150529/jetty-util-9.2.11.v20150529.jar:/Users/tolga.molla/.m2/repository/org/eclipse/jetty/jetty-io/9.2.11.v20150529/jetty-io-9.2.11.v20150529.jar:/Users/tolga.molla/.m2/repository/org/eclipse/jetty/websocket/websocket-common/9.2.11.v20150529/websocket-common-9.2.11.v20150529.jar:/Users/tolga.molla/.m2/repository/org/eclipse/jetty/websocket/websocket-api/9.2.11.v20150529/websocket-api-9.2.11.v20150529.jar:/Users/tolga.molla/.m2/repository/org/seleniumhq/selenium/selenium-ie-driver/2.47.1/selenium-ie-driver-2.47.1.jar:/Users/tolga.molla/.m2/repository/net/java/dev/jna/jna/4.1.0/jna-4.1.0.jar:/Users/tolga.molla/.m2/repository/net/java/dev/jna/jna-platform/4.1.0/jna-platform-4.1.0.jar:/Users/tolga.molla/.m2/repository/org/seleniumhq/selenium/selenium-safari-driver/2.47.1/selenium-safari-driver-2.47.1.jar:/Users/tolga.molla/.m2/repository/org/webbitserver/webbit/0.4.14/webbit-0.4.14.jar:/Users/tolga.molla/.m2/repository/io/netty/netty/3.5.2.Final/netty-3.5.2.Final.jar:/Users/tolga.molla/.m2/repository/org/seleniumhq/selenium/selenium-leg-rc/2.47.1/selenium-leg-rc-2.47.1.jar:/Users/tolga.molla/.m2/repository/commons-cli/commons-cli/1.2/commons-cli-1.2.jar:/Users/tolga.molla/.m2/repository/org/freemarker/freemarker/2.3.19/freemarker-2.3.19.jar:/Users/tolga.molla/.m2/repository/org/mozilla/rhino/1.7R5/rhino-1.7R5.jar:/Users/tolga.molla/.m2/repository/com/codeborne/phantomjsdriver/1.2.1/phantomjsdriver-1.2.1.jar:/Users/tolga.molla/.m2/repository/org/powermock/powermock-reflect/1.5.3/powermock-reflect-1.5.3.jar:/Users/tolga.molla/.m2/repository/org/objenesis/objenesis/2.1/objenesis-2.1.jar:/Users/tolga.molla/.m2/repository/io/qameta/allure/allure-junit5/2.13.0/allure-junit5-2.13.0.jar:/Users/tolga.molla/.m2/repository/io/qameta/allure/allure-junit-platform/2.13.0/allure-junit-platform-2.13.0.jar:/Users/tolga.molla/.m2/repository/io/qameta/allure/allure-java-commons/2.13.0/allure-java-commons-2.13.0.jar:/Users/tolga.molla/.m2/repository/io/qameta/allure/allure-model/2.13.0/allure-model-2.13.0.jar:/Users/tolga.molla/.m2/repository/org/apache/tika/tika-core/1.20/tika-core-1.20.jar:/Users/tolga.molla/.m2/repository/org/jooq/joor-java-8/0.9.10/joor-java-8-0.9.10.jar:/Users/tolga.molla/.m2/repository/org/junit/platform/junit-platform-launcher/1.4.0/junit-platform-launcher-1.4.0.jar:"/>
    <property name="allure.results.directory" value="/Users/tolga.molla/projects/nesine-selenium/nesine-web-test/target/allure-results"/>
    <property name="sun.cpu.endian" value="little"/>
    <property name="user.home" value="/Users/tolga.molla"/>
    <property name="user.language" value="en"/>
    <property name="java.specification.vendor" value="Oracle Corporation"/>
    <property name="java.version.date" value="2020-07-14"/>
    <property name="java.home" value="/Library/Java/JavaVirtualMachines/jdk-11.0.8.jdk/Contents/Home"/>
    <property name="file.separator" value="/"/>
    <property name="basedir" value="/Users/tolga.molla/projects/nesine-selenium/nesine-web-test"/>
    <property name="java.vm.compressedOopsMode" value="Zero based"/>
    <property name="line.separator" value="&#10;"/>
    <property name="java.specification.name" value="Java Platform API Specification"/>
    <property name="java.vm.specification.vendor" value="Oracle Corporation"/>
    <property name="java.awt.graphicsenv" value="sun.awt.CGraphicsEnvironment"/>
    <property name="surefire.real.class.path" value="/Users/tolga.molla/projects/nesine-selenium/nesine-web-test/target/surefire/surefirebooter2707505854206187750.jar"/>
    <property name="sun.management.compiler" value="HotSpot 64-Bit Tiered Compilers"/>
    <property name="java.runtime.version" value="11.0.8+10-LTS"/>
    <property name="user.name" value="tolga.molla"/>
    <property name="path.separator" value=":"/>
    <property name="os.version" value="10.15.6"/>
    <property name="java.runtime.name" value="Java(TM) SE Runtime Environment"/>
    <property name="file.encoding" value="UTF-8"/>
    <property name="browser" value="chrome"/>
    <property name="java.vm.name" value="Java HotSpot(TM) 64-Bit Server VM"/>
    <property name="java.vendor.version" value="18.9"/>
    <property name="localRepository" value="/Users/tolga.molla/.m2/repository"/>
    <property name="java.vendor.url.bug" value="https://bugreport.java.com/bugreport/"/>
    <property name="java.io.tmpdir" value="/var/folders/pb/6bzqc05n0xq6f3mkb3gn9w0mscsgyx/T/"/>
    <property name="java.version" value="11.0.8"/>
    <property name="user.dir" value="/Users/tolga.molla/projects/nesine-selenium/nesine-web-test"/>
    <property name="os.arch" value="x86_64"/>
    <property name="java.vm.specification.name" value="Java Virtual Machine Specification"/>
    <property name="java.awt.printerjob" value="sun.lwawt.macosx.CPrinterJob"/>
    <property name="sun.os.patch.level" value="unknown"/>
    <property name="java.library.path" value="/Users/tolga.molla/Library/Java/Extensions:/Library/Java/Extensions:/Network/Library/Java/Extensions:/System/Library/Java/Extensions:/usr/lib/java:."/>
    <property name="junit.jupiter.extensions.autodetection.enabled" value="true"/>
    <property name="java.vendor" value="Oracle Corporation"/>
    <property name="java.vm.info" value="mixed mode"/>
    <property name="java.vm.version" value="11.0.8+10-LTS"/>
    <property name="sun.io.unicode.encoding" value="UnicodeBig"/>
    <property name="java.class.version" value="55.0"/>
  </properties>
  <testcase name="testHomePageHeader" classname="web.visualRegression.HomePageVisualRegressionTest" time="30.972"/>
</testsuite>